<?xml version="1.0" encoding="UTF-8"?>
<testng-results skipped="0" failed="0" ignored="0" total="4" passed="4">
  <reporter-output>
  </reporter-output>
  <suite name="Suite" duration-ms="14441" started-at="2022-10-12T22:52:04Z" finished-at="2022-10-12T22:52:18Z">
    <groups>
      <group name="cucumber">
        <method signature="AbstractTestNGCucumberTests.runScenario(io.cucumber.testng.PickleWrapper, io.cucumber.testng.FeatureWrapper)[pri:0, instance:com.runner.RunnerClass@44c03695]" name="runScenario" class="io.cucumber.testng.AbstractTestNGCucumberTests"/>
        <method signature="AbstractTestNGCucumberTests.runScenario(io.cucumber.testng.PickleWrapper, io.cucumber.testng.FeatureWrapper)[pri:0, instance:com.runner.RunnerClass@1a677343]" name="runScenario" class="io.cucumber.testng.AbstractTestNGCucumberTests"/>
        <method signature="AbstractTestNGCucumberTests.runScenario(io.cucumber.testng.PickleWrapper, io.cucumber.testng.FeatureWrapper)[pri:0, instance:com.runner.RunnerClass@3bf7ca37]" name="runScenario" class="io.cucumber.testng.AbstractTestNGCucumberTests"/>
      </group> <!-- cucumber -->
    </groups>
    <test name="ChromeTest" duration-ms="4733" started-at="2022-10-12T22:52:04Z" finished-at="2022-10-12T22:52:09Z">
      <class name="com.runner.RunnerClass">
        <test-method status="PASS" signature="setUpClass()[pri:0, instance:com.runner.RunnerClass@44c03695]" name="setUpClass" is-config="true" duration-ms="359" started-at="2022-10-12T22:52:04Z" finished-at="2022-10-12T22:52:04Z">
          <reporter-output>
          </reporter-output>
        </test-method> <!-- setUpClass -->
        <test-method status="PASS" signature="befTest(java.lang.String)[pri:0, instance:com.runner.RunnerClass@44c03695]" name="befTest" is-config="true" duration-ms="8" started-at="2022-10-12T22:52:04Z" finished-at="2022-10-12T22:52:04Z">
          <params>
            <param index="0">
              <value>
                <![CDATA[chrome]]>
              </value>
            </param>
          </params>
          <reporter-output>
          </reporter-output>
        </test-method> <!-- befTest -->
        <test-method status="PASS" signature="runScenario(io.cucumber.testng.PickleWrapper, io.cucumber.testng.FeatureWrapper)[pri:0, instance:com.runner.RunnerClass@44c03695]" name="runScenario" duration-ms="4289" started-at="2022-10-12T22:52:04Z" description="Runs Cucumber Scenarios" data-provider="scenarios" finished-at="2022-10-12T22:52:09Z">
          <params>
            <param index="0">
              <value>
                <![CDATA["Positive tests"]]>
              </value>
            </param>
            <param index="1">
              <value>
                <![CDATA["Optional[I want to login]"]]>
              </value>
            </param>
          </params>
          <reporter-output>
          </reporter-output>
        </test-method> <!-- runScenario -->
        <test-method status="PASS" signature="tearDownClass()[pri:0, instance:com.runner.RunnerClass@44c03695]" name="tearDownClass" is-config="true" duration-ms="58" started-at="2022-10-12T22:52:09Z" finished-at="2022-10-12T22:52:09Z">
          <reporter-output>
          </reporter-output>
        </test-method> <!-- tearDownClass -->
        <test-method status="PASS" signature="afTest()[pri:0, instance:com.runner.RunnerClass@44c03695]" name="afTest" is-config="true" duration-ms="0" started-at="2022-10-12T22:52:09Z" finished-at="2022-10-12T22:52:09Z">
          <reporter-output>
          </reporter-output>
        </test-method> <!-- afTest -->
      </class> <!-- com.runner.RunnerClass -->
    </test> <!-- ChromeTest -->
    <test name="FirefoxTest" duration-ms="4606" started-at="2022-10-12T22:52:09Z" finished-at="2022-10-12T22:52:13Z">
      <class name="com.runner.RunnerClass">
        <test-method status="PASS" signature="setUpClass()[pri:0, instance:com.runner.RunnerClass@1a677343]" name="setUpClass" is-config="true" duration-ms="7" started-at="2022-10-12T22:52:09Z" finished-at="2022-10-12T22:52:09Z">
          <reporter-output>
          </reporter-output>
        </test-method> <!-- setUpClass -->
        <test-method status="PASS" signature="befTest(java.lang.String)[pri:0, instance:com.runner.RunnerClass@1a677343]" name="befTest" is-config="true" duration-ms="0" started-at="2022-10-12T22:52:09Z" finished-at="2022-10-12T22:52:09Z">
          <params>
            <param index="0">
              <value>
                <![CDATA[firefox]]>
              </value>
            </param>
          </params>
          <reporter-output>
          </reporter-output>
        </test-method> <!-- befTest -->
        <test-method status="PASS" signature="runScenario(io.cucumber.testng.PickleWrapper, io.cucumber.testng.FeatureWrapper)[pri:0, instance:com.runner.RunnerClass@1a677343]" name="runScenario" duration-ms="4594" started-at="2022-10-12T22:52:09Z" description="Runs Cucumber Scenarios" data-provider="scenarios" finished-at="2022-10-12T22:52:13Z">
          <params>
            <param index="0">
              <value>
                <![CDATA["Positive tests"]]>
              </value>
            </param>
            <param index="1">
              <value>
                <![CDATA["Optional[I want to login]"]]>
              </value>
            </param>
          </params>
          <reporter-output>
          </reporter-output>
        </test-method> <!-- runScenario -->
        <test-method status="PASS" signature="afTest()[pri:0, instance:com.runner.RunnerClass@1a677343]" name="afTest" is-config="true" duration-ms="0" started-at="2022-10-12T22:52:13Z" finished-at="2022-10-12T22:52:13Z">
          <reporter-output>
          </reporter-output>
        </test-method> <!-- afTest -->
        <test-method status="PASS" signature="tearDownClass()[pri:0, instance:com.runner.RunnerClass@1a677343]" name="tearDownClass" is-config="true" duration-ms="3" started-at="2022-10-12T22:52:13Z" finished-at="2022-10-12T22:52:13Z">
          <reporter-output>
          </reporter-output>
        </test-method> <!-- tearDownClass -->
      </class> <!-- com.runner.RunnerClass -->
    </test> <!-- FirefoxTest -->
    <test name="EdgeTest" duration-ms="5084" started-at="2022-10-12T22:52:13Z" finished-at="2022-10-12T22:52:18Z">
      <class name="com.runner.RunnerClass">
        <test-method status="PASS" signature="setUpClass()[pri:0, instance:com.runner.RunnerClass@3bf7ca37]" name="setUpClass" is-config="true" duration-ms="6" started-at="2022-10-12T22:52:13Z" finished-at="2022-10-12T22:52:13Z">
          <reporter-output>
          </reporter-output>
        </test-method> <!-- setUpClass -->
        <test-method status="PASS" signature="befTest(java.lang.String)[pri:0, instance:com.runner.RunnerClass@3bf7ca37]" name="befTest" is-config="true" duration-ms="0" started-at="2022-10-12T22:52:13Z" finished-at="2022-10-12T22:52:13Z">
          <params>
            <param index="0">
              <value>
                <![CDATA[edge]]>
              </value>
            </param>
          </params>
          <reporter-output>
          </reporter-output>
        </test-method> <!-- befTest -->
        <test-method status="PASS" signature="runScenario(io.cucumber.testng.PickleWrapper, io.cucumber.testng.FeatureWrapper)[pri:0, instance:com.runner.RunnerClass@3bf7ca37]" name="runScenario" duration-ms="5073" started-at="2022-10-12T22:52:13Z" description="Runs Cucumber Scenarios" data-provider="scenarios" finished-at="2022-10-12T22:52:18Z">
          <params>
            <param index="0">
              <value>
                <![CDATA["Positive tests"]]>
              </value>
            </param>
            <param index="1">
              <value>
                <![CDATA["Optional[I want to login]"]]>
              </value>
            </param>
          </params>
          <reporter-output>
          </reporter-output>
        </test-method> <!-- runScenario -->
        <test-method status="PASS" signature="afTest()[pri:0, instance:com.runner.RunnerClass@3bf7ca37]" name="afTest" is-config="true" duration-ms="0" started-at="2022-10-12T22:52:18Z" finished-at="2022-10-12T22:52:18Z">
          <reporter-output>
          </reporter-output>
        </test-method> <!-- afTest -->
        <test-method status="PASS" signature="tearDownClass()[pri:0, instance:com.runner.RunnerClass@3bf7ca37]" name="tearDownClass" is-config="true" duration-ms="3" started-at="2022-10-12T22:52:18Z" finished-at="2022-10-12T22:52:18Z">
          <reporter-output>
          </reporter-output>
        </test-method> <!-- tearDownClass -->
      </class> <!-- com.runner.RunnerClass -->
    </test> <!-- EdgeTest -->
  </suite> <!-- Suite -->
  <suite name="Suite (0)" duration-ms="4558" started-at="2022-10-12T22:52:18Z" finished-at="2022-10-12T22:52:23Z">
    <groups>
      <group name="cucumber">
        <method signature="AbstractTestNGCucumberTests.runScenario(io.cucumber.testng.PickleWrapper, io.cucumber.testng.FeatureWrapper)[pri:0, instance:com.runner.RunnerClass@302552ec]" name="runScenario" class="io.cucumber.testng.AbstractTestNGCucumberTests"/>
      </group> <!-- cucumber -->
    </groups>
    <test name="FacebookTest" duration-ms="4558" started-at="2022-10-12T22:52:18Z" finished-at="2022-10-12T22:52:23Z">
      <class name="com.runner.RunnerClass">
        <test-method status="PASS" signature="setUpClass()[pri:0, instance:com.runner.RunnerClass@302552ec]" name="setUpClass" is-config="true" duration-ms="7" started-at="2022-10-12T22:52:18Z" finished-at="2022-10-12T22:52:18Z">
          <reporter-output>
          </reporter-output>
        </test-method> <!-- setUpClass -->
        <test-method status="PASS" signature="befTest(java.lang.String)[pri:0, instance:com.runner.RunnerClass@302552ec]" name="befTest" is-config="true" duration-ms="1" started-at="2022-10-12T22:52:18Z" finished-at="2022-10-12T22:52:18Z">
          <params>
            <param index="0">
              <value>
                <![CDATA[firefox]]>
              </value>
            </param>
          </params>
          <reporter-output>
          </reporter-output>
        </test-method> <!-- befTest -->
        <test-method status="PASS" signature="runScenario(io.cucumber.testng.PickleWrapper, io.cucumber.testng.FeatureWrapper)[pri:0, instance:com.runner.RunnerClass@302552ec]" name="runScenario" duration-ms="4545" started-at="2022-10-12T22:52:18Z" description="Runs Cucumber Scenarios" data-provider="scenarios" finished-at="2022-10-12T22:52:23Z">
          <params>
            <param index="0">
              <value>
                <![CDATA["Positive tests"]]>
              </value>
            </param>
            <param index="1">
              <value>
                <![CDATA["Optional[I want to login]"]]>
              </value>
            </param>
          </params>
          <reporter-output>
          </reporter-output>
        </test-method> <!-- runScenario -->
        <test-method status="PASS" signature="afTest()[pri:0, instance:com.runner.RunnerClass@302552ec]" name="afTest" is-config="true" duration-ms="0" started-at="2022-10-12T22:52:23Z" finished-at="2022-10-12T22:52:23Z">
          <reporter-output>
          </reporter-output>
        </test-method> <!-- afTest -->
        <test-method status="PASS" signature="tearDownClass()[pri:0, instance:com.runner.RunnerClass@302552ec]" name="tearDownClass" is-config="true" duration-ms="3" started-at="2022-10-12T22:52:23Z" finished-at="2022-10-12T22:52:23Z">
          <reporter-output>
          </reporter-output>
        </test-method> <!-- tearDownClass -->
      </class> <!-- com.runner.RunnerClass -->
    </test> <!-- FacebookTest -->
  </suite> <!-- Suite (0) -->
</testng-results>
