<?xml version="1.0" encoding="UTF-8"?>
<testsuite xmlns:xsi="http://www.w3.org/2001/XMLSchema-instance" xsi:noNamespaceSchemaLocation="https://maven.apache.org/surefire/maven-surefire-plugin/xsd/surefire-test-report-3.0.xsd" version="3.0" name="TestSuite" time="20.477" tests="4" errors="0" skipped="0" failures="0">
  <properties>
[...]
</properties>
  <testcase name="runScenario" classname="com.runner.RunnerClass" time="4.291"/>
  <testcase name="runScenario" classname="com.runner.RunnerClass" time="4.594"/>
  <testcase name="runScenario" classname="com.runner.RunnerClass" time="5.073"/>
  <testcase name="runScenario" classname="com.runner.RunnerClass" time="4.545"/>
</testsuite>